#-----------------------------------------------------------
# Vivado v2018.3 (64-bit)
# SW Build 2405991 on Thu Dec  6 23:38:27 MST 2018
# IP Build 2404404 on Fri Dec  7 01:43:56 MST 2018
# Start of session at: Wed Sep 11 17:11:51 2019
# Process ID: 19728
# Current directory: F:/codes vivado/Hit_rat/project_9_05
# Command line: vivado.exe -gui_launcher_event rodinguilauncherevent14764 F:\codes vivado\Hit_rat\project_9_05\project_9_05.xpr
# Log file: F:/codes vivado/Hit_rat/project_9_05/vivado.log
# Journal file: F:/codes vivado/Hit_rat/project_9_05\vivado.jou
#-----------------------------------------------------------
start_gui
open_project {F:/codes vivado/Hit_rat/project_9_05/project_9_05.xpr}
Scanning sources...
Finished scanning sources
INFO: [IP_Flow 19-234] Refreshing IP repositories
INFO: [IP_Flow 19-1704] No user IP repositories specified
INFO: [IP_Flow 19-2313] Loaded Vivado IP repository 'G:/Vivado/loadpath/Vivado/2018.3/data/ip'.
open_project: Time (s): cpu = 00:00:27 ; elapsed = 00:00:15 . Memory (MB): peak = 783.406 ; gain = 174.012
update_compile_order -fileset sources_1
exit
INFO: [Common 17-206] Exiting Vivado at Wed Sep 11 17:29:50 2019...
